<?xml version="1.0" encoding="UTF-8"?>
<!-- Generated by org.testng.reporters.JUnitReportReporter -->
<testsuite skipped="0" hostname="Kalyanes-MacBook-Pro.local" name="Sample.LoginScreen" tests="2" failures="0" timestamp="10 Dec 2018 18:45:15 GMT" time="8.225" errors="0">
  <testcase name="validateLogin" time="4.116" classname="Sample.LoginScreen"/>
  <testcase name="validateLogin" time="4.109" classname="Sample.LoginScreen"/>
</testsuite> <!-- Sample.LoginScreen -->
