<?xml version="1.0" encoding="UTF-8"?>
<!-- Generated by org.testng.reporters.JUnitReportReporter -->
<testsuite skipped="0" hostname="Kalyanes-MacBook-Pro.local" name="Sample.validateText" tests="2" failures="0" timestamp="10 Dec 2018 18:45:05 GMT" time="1.533" errors="0">
  <testcase name="basePageNavigation" time="0.038" classname="Sample.validateText"/>
  <testcase name="validateForgotPasswordLink" time="1.495" classname="Sample.validateText"/>
</testsuite> <!-- Sample.validateText -->
