<?xml version="1.0" encoding="UTF-8"?>
<!-- Generated by org.testng.reporters.JUnitReportReporter -->
<testsuite skipped="0" hostname="Kalyanes-MacBook-Pro.local" name="Sample.createAccount" tests="2" failures="0" timestamp="10 Dec 2018 18:45:10 GMT" time="0.197" errors="0">
  <testcase name="validateSearchFieldText" time="0.117" classname="Sample.createAccount"/>
  <testcase name="validateSignUpPageTitle" time="0.080" classname="Sample.createAccount"/>
</testsuite> <!-- Sample.createAccount -->
