<?xml version="1.0" encoding="UTF-8"?>
<!-- Generated by org.testng.reporters.JUnitReportReporter -->
<testsuite skipped="0" hostname="Kalyanes-MacBook-Pro.local" name="Sample.LoginScreen" tests="2" failures="0" timestamp="03 Jan 2019 20:03:53 GMT" time="8.005" errors="0">
  <testcase name="validateLogin" time="4.032" classname="Sample.LoginScreen"/>
  <testcase name="validateLogin" time="3.973" classname="Sample.LoginScreen"/>
</testsuite> <!-- Sample.LoginScreen -->
