<?xml version="1.0" encoding="UTF-8"?>
<!-- Generated by org.testng.reporters.JUnitReportReporter -->
<testsuite skipped="0" hostname="Kalyanes-MacBook-Pro.local" name="Sample.createAccount" tests="2" failures="0" timestamp="04 Jan 2019 22:09:06 GMT" time="0.189" errors="0">
  <testcase name="validateSignUpPageTitle" time="0.072" classname="Sample.createAccount"/>
  <testcase name="validateSearchFieldText" time="0.117" classname="Sample.createAccount"/>
</testsuite> <!-- Sample.createAccount -->
