<?xml version="1.0" encoding="UTF-8"?>
<!-- Generated by org.testng.reporters.JUnitReportReporter -->
<testsuite skipped="0" hostname="Kalyanes-MacBook-Pro.local" name="Sample.LoginScreen" tests="2" failures="0" timestamp="11 Dec 2018 17:54:40 GMT" time="7.481" errors="0">
  <testcase name="validateLogin" time="3.721" classname="Sample.LoginScreen"/>
  <testcase name="validateLogin" time="3.760" classname="Sample.LoginScreen"/>
</testsuite> <!-- Sample.LoginScreen -->
