<?xml version="1.0" encoding="UTF-8"?>
<!-- Generated by org.testng.reporters.JUnitReportReporter -->
<testsuite skipped="0" hostname="Kalyanes-MacBook-Pro.local" name="Sample.validateText" tests="2" failures="0" timestamp="03 Jan 2019 20:03:43 GMT" time="1.420" errors="0">
  <testcase name="basePageNavigation" time="0.044" classname="Sample.validateText"/>
  <testcase name="validateForgotPasswordLink" time="1.376" classname="Sample.validateText"/>
</testsuite> <!-- Sample.validateText -->
