<?xml version="1.0" encoding="UTF-8"?>
<!-- Generated by org.testng.reporters.JUnitReportReporter -->
<testsuite skipped="0" hostname="Kalyanes-MacBook-Pro.local" name="Sample.AppTest" tests="1" failures="0" timestamp="19 Nov 2018 20:04:27 GMT" time="0.001" errors="0">
  <testcase name="testApp" time="0.001" classname="Sample.AppTest"/>
</testsuite> <!-- Sample.AppTest -->
