<?xml version="1.0" encoding="UTF-8"?>
<!-- Generated by org.testng.reporters.JUnitReportReporter -->
<testsuite skipped="0" hostname="Kalyanes-MacBook-Pro.local" name="Sample.LoginScreen" tests="2" failures="0" timestamp="11 Dec 2018 18:47:28 GMT" time="9.294" errors="0">
  <testcase name="validateLogin" time="4.875" classname="Sample.LoginScreen"/>
  <testcase name="validateLogin" time="4.419" classname="Sample.LoginScreen"/>
</testsuite> <!-- Sample.LoginScreen -->
