<?xml version="1.0" encoding="UTF-8"?>
<!-- Generated by org.testng.reporters.JUnitReportReporter -->
<testsuite skipped="0" hostname="Kalyanes-MacBook-Pro.local" name="Sample.validateText" tests="2" failures="0" timestamp="04 Jan 2019 22:09:01 GMT" time="1.858" errors="0">
  <testcase name="validateForgotPasswordLink" time="1.817" classname="Sample.validateText"/>
  <testcase name="basePageNavigation" time="0.041" classname="Sample.validateText"/>
</testsuite> <!-- Sample.validateText -->
