<?xml version="1.0" encoding="UTF-8"?>
<!-- Generated by org.testng.reporters.JUnitReportReporter -->
<testsuite skipped="0" hostname="Kalyanes-MacBook-Pro.local" name="Sample.validateAddCourseButton" tests="1" failures="0" timestamp="03 Jan 2019 20:03:38 GMT" time="3.418" errors="0">
  <testcase name="validateAddCourseButton" time="3.418" classname="Sample.validateAddCourseButton"/>
</testsuite> <!-- Sample.validateAddCourseButton -->
