<?xml version="1.0" encoding="UTF-8"?>
<!-- Generated by org.testng.reporters.JUnitReportReporter -->
<testsuite skipped="0" hostname="Kalyanes-MacBook-Pro.local" name="Sample.LoginScreen" tests="2" failures="0" timestamp="04 Jan 2019 22:09:11 GMT" time="8.200" errors="0">
  <testcase name="validateLogin" time="4.111" classname="Sample.LoginScreen"/>
  <testcase name="validateLogin" time="4.089" classname="Sample.LoginScreen"/>
</testsuite> <!-- Sample.LoginScreen -->
