<?xml version="1.0" encoding="UTF-8"?>
<!-- Generated by org.testng.reporters.JUnitReportReporter -->
<testsuite skipped="0" hostname="Kalyanes-MacBook-Pro.local" name="Sample.validateTitle" tests="1" failures="0" timestamp="16 Nov 2018 19:06:48 GMT" time="3.858" errors="0">
  <testcase name="basePageNavigation" time="3.858" classname="Sample.validateTitle"/>
</testsuite> <!-- Sample.validateTitle -->
