<?xml version="1.0" encoding="UTF-8"?>
<!-- Generated by org.testng.reporters.JUnitReportReporter -->
<testsuite skipped="0" hostname="Kalyanes-MacBook-Pro.local" name="Sample.validateText" tests="2" failures="0" timestamp="11 Dec 2018 17:54:30 GMT" time="1.483" errors="0">
  <testcase name="basePageNavigation" time="0.048" classname="Sample.validateText"/>
  <testcase name="validateForgotPasswordLink" time="1.435" classname="Sample.validateText"/>
</testsuite> <!-- Sample.validateText -->
