<?xml version="1.0" encoding="UTF-8"?>
<!-- Generated by org.testng.reporters.JUnitReportReporter -->
<testsuite skipped="0" hostname="Kalyanes-MacBook-Pro.local" name="Sample.validateAddCourseButton" tests="2" failures="0" timestamp="04 Jan 2019 22:08:56 GMT" time="6.728" errors="0">
  <testcase name="validateSelectCourse" time="3.312" classname="Sample.validateAddCourseButton"/>
  <testcase name="validateAddCourseButton" time="3.416" classname="Sample.validateAddCourseButton"/>
</testsuite> <!-- Sample.validateAddCourseButton -->
