<?xml version="1.0" encoding="UTF-8"?>
<!-- Generated by org.testng.reporters.JUnitReportReporter -->
<testsuite skipped="0" hostname="Kalyanes-MacBook-Pro.local" name="Sample.createAccount" tests="2" failures="0" timestamp="11 Dec 2018 18:47:23 GMT" time="0.219" errors="0">
  <testcase name="validateSignUpPageTitle" time="0.103" classname="Sample.createAccount"/>
  <testcase name="validateSearchFieldText" time="0.116" classname="Sample.createAccount"/>
</testsuite> <!-- Sample.createAccount -->
