<?xml version="1.0" encoding="UTF-8"?>
<testsuite xmlns:xsi="http://www.w3.org/2001/XMLSchema-instance" xsi:noNamespaceSchemaLocation="https://maven.apache.org/surefire/maven-surefire-plugin/xsd/surefire-test-report.xsd" name="TestSuite" time="58.305" tests="6" errors="0" skipped="0" failures="0">
  <properties>
    <property name="gopherProxySet" value="false"/>
    <property name="awt.toolkit" value="sun.lwawt.macosx.LWCToolkit"/>
    <property name="file.encoding.pkg" value="sun.io"/>
    <property name="java.specification.version" value="1.8"/>
    <property name="sun.cpu.isalist" value=""/>
    <property name="sun.jnu.encoding" value="UTF-8"/>
    <property name="java.class.path" value="/Users/ksaravanan/Documents/Selenium2018/E2Eproject/target/test-classes:/Users/ksaravanan/Documents/Selenium2018/E2Eproject/target/classes:/Users/ksaravanan/.m2/repository/org/seleniumhq/selenium/selenium-java/3.141.5/selenium-java-3.141.5.jar:/Users/ksaravanan/.m2/repository/org/seleniumhq/selenium/selenium-api/3.141.5/selenium-api-3.141.5.jar:/Users/ksaravanan/.m2/repository/org/seleniumhq/selenium/selenium-chrome-driver/3.141.5/selenium-chrome-driver-3.141.5.jar:/Users/ksaravanan/.m2/repository/org/seleniumhq/selenium/selenium-edge-driver/3.141.5/selenium-edge-driver-3.141.5.jar:/Users/ksaravanan/.m2/repository/org/seleniumhq/selenium/selenium-firefox-driver/3.141.5/selenium-firefox-driver-3.141.5.jar:/Users/ksaravanan/.m2/repository/org/seleniumhq/selenium/selenium-ie-driver/3.141.5/selenium-ie-driver-3.141.5.jar:/Users/ksaravanan/.m2/repository/org/seleniumhq/selenium/selenium-opera-driver/3.141.5/selenium-opera-driver-3.141.5.jar:/Users/ksaravanan/.m2/repository/org/seleniumhq/selenium/selenium-remote-driver/3.141.5/selenium-remote-driver-3.141.5.jar:/Users/ksaravanan/.m2/repository/org/seleniumhq/selenium/selenium-safari-driver/3.141.5/selenium-safari-driver-3.141.5.jar:/Users/ksaravanan/.m2/repository/org/seleniumhq/selenium/selenium-support/3.141.5/selenium-support-3.141.5.jar:/Users/ksaravanan/.m2/repository/net/bytebuddy/byte-buddy/1.8.15/byte-buddy-1.8.15.jar:/Users/ksaravanan/.m2/repository/org/apache/commons/commons-exec/1.3/commons-exec-1.3.jar:/Users/ksaravanan/.m2/repository/com/google/guava/guava/25.0-jre/guava-25.0-jre.jar:/Users/ksaravanan/.m2/repository/com/google/code/findbugs/jsr305/1.3.9/jsr305-1.3.9.jar:/Users/ksaravanan/.m2/repository/org/checkerframework/checker-compat-qual/2.0.0/checker-compat-qual-2.0.0.jar:/Users/ksaravanan/.m2/repository/com/google/errorprone/error_prone_annotations/2.1.3/error_prone_annotations-2.1.3.jar:/Users/ksaravanan/.m2/repository/com/google/j2objc/j2objc-annotations/1.1/j2objc-annotations-1.1.jar:/Users/ksaravanan/.m2/repository/org/codehaus/mojo/animal-sniffer-annotations/1.14/animal-sniffer-annotations-1.14.jar:/Users/ksaravanan/.m2/repository/com/squareup/okhttp3/okhttp/3.11.0/okhttp-3.11.0.jar:/Users/ksaravanan/.m2/repository/com/squareup/okio/okio/1.14.0/okio-1.14.0.jar:/Users/ksaravanan/.m2/repository/org/testng/testng/6.14.3/testng-6.14.3.jar:/Users/ksaravanan/.m2/repository/com/beust/jcommander/1.72/jcommander-1.72.jar:/Users/ksaravanan/.m2/repository/org/apache-extras/beanshell/bsh/2.0b6/bsh-2.0b6.jar:/Users/ksaravanan/.m2/repository/org/apache/logging/log4j/log4j-api/2.11.1/log4j-api-2.11.1.jar:/Users/ksaravanan/.m2/repository/org/apache/logging/log4j/log4j-core/2.11.1/log4j-core-2.11.1.jar:/Users/ksaravanan/.m2/repository/commons-io/commons-io/2.4/commons-io-2.4.jar:/Users/ksaravanan/.m2/repository/com/relevantcodes/extentreports/2.41.2/extentreports-2.41.2.jar:/Users/ksaravanan/.m2/repository/org/jsoup/jsoup/1.8.3/jsoup-1.8.3.jar:/Users/ksaravanan/.m2/repository/org/xerial/sqlite-jdbc/3.8.11.1/sqlite-jdbc-3.8.11.1.jar:/Users/ksaravanan/.m2/repository/org/freemarker/freemarker/2.3.23/freemarker-2.3.23.jar:/Users/ksaravanan/.m2/repository/org/mongodb/mongodb-driver/3.0.4/mongodb-driver-3.0.4.jar:/Users/ksaravanan/.m2/repository/org/mongodb/bson/3.0.4/bson-3.0.4.jar:/Users/ksaravanan/.m2/repository/org/mongodb/mongodb-driver-core/3.0.4/mongodb-driver-core-3.0.4.jar:/Users/ksaravanan/.m2/repository/com/aventstack/extentreports/3.1.5/extentreports-3.1.5.jar:/Users/ksaravanan/.m2/repository/org/apache/httpcomponents/httpclient/4.5.2/httpclient-4.5.2.jar:/Users/ksaravanan/.m2/repository/org/apache/httpcomponents/httpcore/4.4.4/httpcore-4.4.4.jar:/Users/ksaravanan/.m2/repository/commons-logging/commons-logging/1.2/commons-logging-1.2.jar:/Users/ksaravanan/.m2/repository/commons-codec/commons-codec/1.9/commons-codec-1.9.jar:/Users/ksaravanan/.m2/repository/org/apache/httpcomponents/httpmime/4.5.2/httpmime-4.5.2.jar:/Users/ksaravanan/.m2/repository/com/google/code/gson/gson/2.8.0/gson-2.8.0.jar:/Users/ksaravanan/.m2/repository/junit/junit/3.8.1/junit-3.8.1.jar:"/>
    <property name="java.vm.vendor" value="Oracle Corporation"/>
    <property name="sun.arch.data.model" value="64"/>
    <property name="java.vendor.url" value="http://java.oracle.com/"/>
    <property name="user.timezone" value=""/>
    <property name="java.vm.specification.version" value="1.8"/>
    <property name="os.name" value="Mac OS X"/>
    <property name="user.country" value="US"/>
    <property name="sun.java.launcher" value="SUN_STANDARD"/>
    <property name="sun.boot.library.path" value="/Library/Java/JavaVirtualMachines/jdk1.8.0_111.jdk/Contents/Home/jre/lib"/>
    <property name="sun.java.command" value="/Users/ksaravanan/Documents/Selenium2018/E2Eproject/target/surefire/surefirebooter1168736110165189040.jar /Users/ksaravanan/Documents/Selenium2018/E2Eproject/target/surefire 2018-12-10T12-44-22_101-jvmRun1 surefire2561350536774894535tmp surefire_02956694422657396762tmp"/>
    <property name="http.nonProxyHosts" value="local|*.local|169.254/16|*.169.254/16"/>
    <property name="surefire.test.class.path" value="/Users/ksaravanan/Documents/Selenium2018/E2Eproject/target/test-classes:/Users/ksaravanan/Documents/Selenium2018/E2Eproject/target/classes:/Users/ksaravanan/.m2/repository/org/seleniumhq/selenium/selenium-java/3.141.5/selenium-java-3.141.5.jar:/Users/ksaravanan/.m2/repository/org/seleniumhq/selenium/selenium-api/3.141.5/selenium-api-3.141.5.jar:/Users/ksaravanan/.m2/repository/org/seleniumhq/selenium/selenium-chrome-driver/3.141.5/selenium-chrome-driver-3.141.5.jar:/Users/ksaravanan/.m2/repository/org/seleniumhq/selenium/selenium-edge-driver/3.141.5/selenium-edge-driver-3.141.5.jar:/Users/ksaravanan/.m2/repository/org/seleniumhq/selenium/selenium-firefox-driver/3.141.5/selenium-firefox-driver-3.141.5.jar:/Users/ksaravanan/.m2/repository/org/seleniumhq/selenium/selenium-ie-driver/3.141.5/selenium-ie-driver-3.141.5.jar:/Users/ksaravanan/.m2/repository/org/seleniumhq/selenium/selenium-opera-driver/3.141.5/selenium-opera-driver-3.141.5.jar:/Users/ksaravanan/.m2/repository/org/seleniumhq/selenium/selenium-remote-driver/3.141.5/selenium-remote-driver-3.141.5.jar:/Users/ksaravanan/.m2/repository/org/seleniumhq/selenium/selenium-safari-driver/3.141.5/selenium-safari-driver-3.141.5.jar:/Users/ksaravanan/.m2/repository/org/seleniumhq/selenium/selenium-support/3.141.5/selenium-support-3.141.5.jar:/Users/ksaravanan/.m2/repository/net/bytebuddy/byte-buddy/1.8.15/byte-buddy-1.8.15.jar:/Users/ksaravanan/.m2/repository/org/apache/commons/commons-exec/1.3/commons-exec-1.3.jar:/Users/ksaravanan/.m2/repository/com/google/guava/guava/25.0-jre/guava-25.0-jre.jar:/Users/ksaravanan/.m2/repository/com/google/code/findbugs/jsr305/1.3.9/jsr305-1.3.9.jar:/Users/ksaravanan/.m2/repository/org/checkerframework/checker-compat-qual/2.0.0/checker-compat-qual-2.0.0.jar:/Users/ksaravanan/.m2/repository/com/google/errorprone/error_prone_annotations/2.1.3/error_prone_annotations-2.1.3.jar:/Users/ksaravanan/.m2/repository/com/google/j2objc/j2objc-annotations/1.1/j2objc-annotations-1.1.jar:/Users/ksaravanan/.m2/repository/org/codehaus/mojo/animal-sniffer-annotations/1.14/animal-sniffer-annotations-1.14.jar:/Users/ksaravanan/.m2/repository/com/squareup/okhttp3/okhttp/3.11.0/okhttp-3.11.0.jar:/Users/ksaravanan/.m2/repository/com/squareup/okio/okio/1.14.0/okio-1.14.0.jar:/Users/ksaravanan/.m2/repository/org/testng/testng/6.14.3/testng-6.14.3.jar:/Users/ksaravanan/.m2/repository/com/beust/jcommander/1.72/jcommander-1.72.jar:/Users/ksaravanan/.m2/repository/org/apache-extras/beanshell/bsh/2.0b6/bsh-2.0b6.jar:/Users/ksaravanan/.m2/repository/org/apache/logging/log4j/log4j-api/2.11.1/log4j-api-2.11.1.jar:/Users/ksaravanan/.m2/repository/org/apache/logging/log4j/log4j-core/2.11.1/log4j-core-2.11.1.jar:/Users/ksaravanan/.m2/repository/commons-io/commons-io/2.4/commons-io-2.4.jar:/Users/ksaravanan/.m2/repository/com/relevantcodes/extentreports/2.41.2/extentreports-2.41.2.jar:/Users/ksaravanan/.m2/repository/org/jsoup/jsoup/1.8.3/jsoup-1.8.3.jar:/Users/ksaravanan/.m2/repository/org/xerial/sqlite-jdbc/3.8.11.1/sqlite-jdbc-3.8.11.1.jar:/Users/ksaravanan/.m2/repository/org/freemarker/freemarker/2.3.23/freemarker-2.3.23.jar:/Users/ksaravanan/.m2/repository/org/mongodb/mongodb-driver/3.0.4/mongodb-driver-3.0.4.jar:/Users/ksaravanan/.m2/repository/org/mongodb/bson/3.0.4/bson-3.0.4.jar:/Users/ksaravanan/.m2/repository/org/mongodb/mongodb-driver-core/3.0.4/mongodb-driver-core-3.0.4.jar:/Users/ksaravanan/.m2/repository/com/aventstack/extentreports/3.1.5/extentreports-3.1.5.jar:/Users/ksaravanan/.m2/repository/org/apache/httpcomponents/httpclient/4.5.2/httpclient-4.5.2.jar:/Users/ksaravanan/.m2/repository/org/apache/httpcomponents/httpcore/4.4.4/httpcore-4.4.4.jar:/Users/ksaravanan/.m2/repository/commons-logging/commons-logging/1.2/commons-logging-1.2.jar:/Users/ksaravanan/.m2/repository/commons-codec/commons-codec/1.9/commons-codec-1.9.jar:/Users/ksaravanan/.m2/repository/org/apache/httpcomponents/httpmime/4.5.2/httpmime-4.5.2.jar:/Users/ksaravanan/.m2/repository/com/google/code/gson/gson/2.8.0/gson-2.8.0.jar:/Users/ksaravanan/.m2/repository/junit/junit/3.8.1/junit-3.8.1.jar:"/>
    <property name="sun.cpu.endian" value="little"/>
    <property name="user.home" value="/Users/ksaravanan"/>
    <property name="user.language" value="en"/>
    <property name="java.specification.vendor" value="Oracle Corporation"/>
    <property name="java.home" value="/Library/Java/JavaVirtualMachines/jdk1.8.0_111.jdk/Contents/Home/jre"/>
    <property name="basedir" value="/Users/ksaravanan/Documents/Selenium2018/E2Eproject"/>
    <property name="file.separator" value="/"/>
    <property name="line.separator" value="&#10;"/>
    <property name="java.vm.specification.vendor" value="Oracle Corporation"/>
    <property name="java.specification.name" value="Java Platform API Specification"/>
    <property name="java.awt.graphicsenv" value="sun.awt.CGraphicsEnvironment"/>
    <property name="surefire.real.class.path" value="/Users/ksaravanan/Documents/Selenium2018/E2Eproject/target/surefire/surefirebooter1168736110165189040.jar"/>
    <property name="sun.boot.class.path" value="/Library/Java/JavaVirtualMachines/jdk1.8.0_111.jdk/Contents/Home/jre/lib/resources.jar:/Library/Java/JavaVirtualMachines/jdk1.8.0_111.jdk/Contents/Home/jre/lib/rt.jar:/Library/Java/JavaVirtualMachines/jdk1.8.0_111.jdk/Contents/Home/jre/lib/sunrsasign.jar:/Library/Java/JavaVirtualMachines/jdk1.8.0_111.jdk/Contents/Home/jre/lib/jsse.jar:/Library/Java/JavaVirtualMachines/jdk1.8.0_111.jdk/Contents/Home/jre/lib/jce.jar:/Library/Java/JavaVirtualMachines/jdk1.8.0_111.jdk/Contents/Home/jre/lib/charsets.jar:/Library/Java/JavaVirtualMachines/jdk1.8.0_111.jdk/Contents/Home/jre/lib/jfr.jar:/Library/Java/JavaVirtualMachines/jdk1.8.0_111.jdk/Contents/Home/jre/classes"/>
    <property name="sun.management.compiler" value="HotSpot 64-Bit Tiered Compilers"/>
    <property name="ftp.nonProxyHosts" value="local|*.local|169.254/16|*.169.254/16"/>
    <property name="java.runtime.version" value="1.8.0_111-b14"/>
    <property name="user.name" value="ksaravanan"/>
    <property name="path.separator" value=":"/>
    <property name="os.version" value="10.12.6"/>
    <property name="java.endorsed.dirs" value="/Library/Java/JavaVirtualMachines/jdk1.8.0_111.jdk/Contents/Home/jre/lib/endorsed"/>
    <property name="java.runtime.name" value="Java(TM) SE Runtime Environment"/>
    <property name="file.encoding" value="UTF-8"/>
    <property name="java.vm.name" value="Java HotSpot(TM) 64-Bit Server VM"/>
    <property name="localRepository" value="/Users/ksaravanan/.m2/repository"/>
    <property name="java.vendor.url.bug" value="http://bugreport.sun.com/bugreport/"/>
    <property name="java.io.tmpdir" value="/var/folders/jl/1jtvj_bx5glf618s18gwq2fh0000gn/T/"/>
    <property name="java.version" value="1.8.0_111"/>
    <property name="user.dir" value="/Users/ksaravanan/Documents/Selenium2018/E2Eproject"/>
    <property name="os.arch" value="x86_64"/>
    <property name="java.vm.specification.name" value="Java Virtual Machine Specification"/>
    <property name="java.awt.printerjob" value="sun.lwawt.macosx.CPrinterJob"/>
    <property name="sun.os.patch.level" value="unknown"/>
    <property name="java.library.path" value="/Users/ksaravanan/Library/Java/Extensions:/Library/Java/Extensions:/Network/Library/Java/Extensions:/System/Library/Java/Extensions:/usr/lib/java:."/>
    <property name="java.vm.info" value="mixed mode"/>
    <property name="java.vendor" value="Oracle Corporation"/>
    <property name="java.vm.version" value="25.111-b14"/>
    <property name="java.ext.dirs" value="/Users/ksaravanan/Library/Java/Extensions:/Library/Java/JavaVirtualMachines/jdk1.8.0_111.jdk/Contents/Home/jre/lib/ext:/Library/Java/Extensions:/Network/Library/Java/Extensions:/System/Library/Java/Extensions:/usr/lib/java"/>
    <property name="sun.io.unicode.encoding" value="UnicodeBig"/>
    <property name="java.class.version" value="52.0"/>
    <property name="socksNonProxyHosts" value="local|*.local|169.254/16|*.169.254/16"/>
  </properties>
  <testcase name="basePageNavigation" classname="Sample.validateText" time="0.038"/>
  <testcase name="validateForgotPasswordLink" classname="Sample.validateText" time="1.494"/>
  <testcase name="validateSearchFieldText" classname="Sample.createAccount" time="0.117"/>
  <testcase name="validateSignUpPageTitle" classname="Sample.createAccount" time="0.08"/>
  <testcase name="validateLogin" classname="Sample.LoginScreen" time="4.117"/>
  <testcase name="validateLogin" classname="Sample.LoginScreen" time="4.109"/>
</testsuite>